0 info it worked if it ends with ok
1 verbose cli [ '/Users/nicolemayo/.asdf/installs/nodejs/7.7.3/bin/node',
1 verbose cli   '/Users/nicolemayo/.asdf/installs/nodejs/7.7.3/bin/npm',
1 verbose cli   'run',
1 verbose cli   'dev' ]
2 info using npm@4.1.2
3 info using node@v7.7.3
4 verbose run-script [ 'predev', 'dev', 'postdev' ]
5 info lifecycle acupuncture-react@1.0.0~predev: acupuncture-react@1.0.0
6 warn lifecycle The node binary used for scripts is /Users/nicolemayo/.asdf/shims/node but npm is using /Users/nicolemayo/.asdf/installs/nodejs/7.7.3/bin/node itself. Use the `--scripts-prepend-node-path` option to include the path for the node binary npm was executed with.
7 silly lifecycle acupuncture-react@1.0.0~predev: no script for predev, continuing
8 info lifecycle acupuncture-react@1.0.0~dev: acupuncture-react@1.0.0
9 verbose lifecycle acupuncture-react@1.0.0~dev: unsafe-perm in lifecycle true
10 verbose lifecycle acupuncture-react@1.0.0~dev: PATH: /Users/nicolemayo/.asdf/installs/nodejs/7.7.3/lib/node_modules/npm/bin/node-gyp-bin:/Users/nicolemayo/Desktop/acupuncture-react/node_modules/.bin:/Users/nicolemayo/.asdf/bin:/Users/nicolemayo/.asdf/shims:/usr/bin:/bin:/usr/sbin:/sbin:/usr/local/bin:/opt/X11/bin:/usr/local/git/bin
11 verbose lifecycle acupuncture-react@1.0.0~dev: CWD: /Users/nicolemayo/Desktop/acupuncture-react
12 silly lifecycle acupuncture-react@1.0.0~dev: Args: [ '-c', 'next' ]
13 silly lifecycle acupuncture-react@1.0.0~dev: Returned: code: 1  signal: null
14 info lifecycle acupuncture-react@1.0.0~dev: Failed to exec dev script
15 verbose stack Error: acupuncture-react@1.0.0 dev: `next`
15 verbose stack Exit status 1
15 verbose stack     at EventEmitter.<anonymous> (/Users/nicolemayo/.asdf/installs/nodejs/7.7.3/lib/node_modules/npm/lib/utils/lifecycle.js:279:16)
15 verbose stack     at emitTwo (events.js:106:13)
15 verbose stack     at EventEmitter.emit (events.js:194:7)
15 verbose stack     at ChildProcess.<anonymous> (/Users/nicolemayo/.asdf/installs/nodejs/7.7.3/lib/node_modules/npm/lib/utils/spawn.js:40:14)
15 verbose stack     at emitTwo (events.js:106:13)
15 verbose stack     at ChildProcess.emit (events.js:194:7)
15 verbose stack     at maybeClose (internal/child_process.js:899:16)
15 verbose stack     at Process.ChildProcess._handle.onexit (internal/child_process.js:226:5)
16 verbose pkgid acupuncture-react@1.0.0
17 verbose cwd /Users/nicolemayo/Desktop/acupuncture-react
18 error Darwin 15.0.0
19 error argv "/Users/nicolemayo/.asdf/installs/nodejs/7.7.3/bin/node" "/Users/nicolemayo/.asdf/installs/nodejs/7.7.3/bin/npm" "run" "dev"
20 error node v7.7.3
21 error npm  v4.1.2
22 error code ELIFECYCLE
23 error acupuncture-react@1.0.0 dev: `next`
23 error Exit status 1
24 error Failed at the acupuncture-react@1.0.0 dev script 'next'.
24 error Make sure you have the latest version of node.js and npm installed.
24 error If you do, this is most likely a problem with the acupuncture-react package,
24 error not with npm itself.
24 error Tell the author that this fails on your system:
24 error     next
24 error You can get information on how to open an issue for this project with:
24 error     npm bugs acupuncture-react
24 error Or if that isn't available, you can get their info via:
24 error     npm owner ls acupuncture-react
24 error There is likely additional logging output above.
25 verbose exit [ 1, true ]
